# JRE version: OpenJDK Runtime Environment (8.0_152-b01) (build 1.8.0_152-release-915-b01)
# Java VM: OpenJDK 64-Bit Server VM (25.152-b01 mixed mode windows-amd64 compressed oops)
Heap:
 PSYoungGen      total 87552K, used 60147K [0x00000000e0000000, 0x00000000e6000000, 0x0000000100000000)
  eden space 78848K, 66% used [0x00000000e0000000,0x00000000e32d9f20,0x00000000e4d00000)
  from space 8704K, 92% used [0x00000000e5780000,0x00000000e5f62ff0,0x00000000e6000000)
  to   space 9728K, 0% used [0x00000000e4d00000,0x00000000e4d00000,0x00000000e5680000)
 ParOldGen       total 43520K, used 6340K [0x00000000a0000000, 0x00000000a2a80000, 0x00000000e0000000)
  object space 43520K, 14% used [0x00000000a0000000,0x00000000a06312b8,0x00000000a2a80000)
 Metaspace       used 33281K, capacity 34012K, committed 34432K, reserved 1079296K
  class space    used 4613K, capacity 4887K, committed 4992K, reserved 1048576K
GC Heap History (10 events):
Event: 3.488 GC heap before
{Heap before GC invocations=5 (full 0):
 PSYoungGen      total 28672K, used 28672K [0x00000000e0000000, 0x00000000e3800000, 0x0000000100000000)
  eden space 24576K, 100% used [0x00000000e0000000,0x00000000e1800000,0x00000000e1800000)
  from space 4096K, 100% used [0x00000000e1c00000,0x00000000e2000000,0x00000000e2000000)
  to   space 4096K, 0% used [0x00000000e1800000,0x00000000e1800000,0x00000000e1c00000)
 ParOldGen       total 65536K, used 5108K [0x00000000a0000000, 0x00000000a4000000, 0x00000000e0000000)
  object space 65536K, 7% used [0x00000000a0000000,0x00000000a04fd190,0x00000000a4000000)
 Metaspace       used 19167K, capacity 19576K, committed 19840K, reserved 1067008K
  class space    used 2665K, capacity 2843K, committed 2944K, reserved 1048576K
Event: 3.504 GC heap after
Heap after GC invocations=5 (full 0):
 PSYoungGen      total 28672K, used 4064K [0x00000000e0000000, 0x00000000e4200000, 0x0000000100000000)
  eden space 24576K, 0% used [0x00000000e0000000,0x00000000e0000000,0x00000000e1800000)
  from space 4096K, 99% used [0x00000000e1800000,0x00000000e1bf8030,0x00000000e1c00000)
  to   space 9216K, 0% used [0x00000000e3900000,0x00000000e3900000,0x00000000e4200000)
 ParOldGen       total 65536K, used 8777K [0x00000000a0000000, 0x00000000a4000000, 0x00000000e0000000)
  object space 65536K, 13% used [0x00000000a0000000,0x00000000a0892790,0x00000000a4000000)
 Metaspace       used 19167K, capacity 19576K, committed 19840K, reserved 1067008K
  class space    used 2665K, capacity 2843K, committed 2944K, reserved 1048576K
}
Event: 3.579 GC heap before
{Heap before GC invocations=6 (full 0):
 PSYoungGen      total 28672K, used 7155K [0x00000000e0000000, 0x00000000e4200000, 0x0000000100000000)
  eden space 24576K, 12% used [0x00000000e0000000,0x00000000e0304ed0,0x00000000e1800000)
  from space 4096K, 99% used [0x00000000e1800000,0x00000000e1bf8030,0x00000000e1c00000)
  to   space 9216K, 0% used [0x00000000e3900000,0x00000000e3900000,0x00000000e4200000)
 ParOldGen       total 65536K, used 8777K [0x00000000a0000000, 0x00000000a4000000, 0x00000000e0000000)
  object space 65536K, 13% used [0x00000000a0000000,0x00000000a0892790,0x00000000a4000000)
 Metaspace       used 20723K, capacity 21112K, committed 21248K, reserved 1067008K
  class space    used 2865K, capacity 3035K, committed 3072K, reserved 1048576K
Event: 3.594 GC heap after
Heap after GC invocations=6 (full 0):
 PSYoungGen      total 58368K, used 4718K [0x00000000e0000000, 0x00000000e4200000, 0x0000000100000000)
  eden space 49152K, 0% used [0x00000000e0000000,0x00000000e0000000,0x00000000e3000000)
  from space 9216K, 51% used [0x00000000e3900000,0x00000000e3d9b848,0x00000000e4200000)
  to   space 9216K, 0% used [0x00000000e3000000,0x00000000e3000000,0x00000000e3900000)
 ParOldGen       total 65536K, used 8777K [0x00000000a0000000, 0x00000000a4000000, 0x00000000e0000000)
  object space 65536K, 13% used [0x00000000a0000000,0x00000000a0892790,0x00000000a4000000)
 Metaspace       used 20723K, capacity 21112K, committed 21248K, reserved 1067008K
  class space    used 2865K, capacity 3035K, committed 3072K, reserved 1048576K
}
Event: 3.594 GC heap before
{Heap before GC invocations=7 (full 1):
 PSYoungGen      total 58368K, used 4718K [0x00000000e0000000, 0x00000000e4200000, 0x0000000100000000)
  eden space 49152K, 0% used [0x00000000e0000000,0x00000000e0000000,0x00000000e3000000)
  from space 9216K, 51% used [0x00000000e3900000,0x00000000e3d9b848,0x00000000e4200000)
  to   space 9216K, 0% used [0x00000000e3000000,0x00000000e3000000,0x00000000e3900000)
 ParOldGen       total 65536K, used 8777K [0x00000000a0000000, 0x00000000a4000000, 0x00000000e0000000)
  object space 65536K, 13% used [0x00000000a0000000,0x00000000a0892790,0x00000000a4000000)
 Metaspace       used 20723K, capacity 21112K, committed 21248K, reserved 1067008K
  class space    used 2865K, capacity 3035K, committed 3072K, reserved 1048576K
Event: 3.681 GC heap after
Heap after GC invocations=7 (full 1):
 PSYoungGen      total 58368K, used 0K [0x00000000e0000000, 0x00000000e4200000, 0x0000000100000000)
  eden space 49152K, 0% used [0x00000000e0000000,0x00000000e0000000,0x00000000e3000000)
  from space 9216K, 0% used [0x00000000e3900000,0x00000000e3900000,0x00000000e4200000)
  to   space 9216K, 0% used [0x00000000e3000000,0x00000000e3000000,0x00000000e3900000)
 ParOldGen       total 43520K, used 6324K [0x00000000a0000000, 0x00000000a2a80000, 0x00000000e0000000)
  object space 43520K, 14% used [0x00000000a0000000,0x00000000a062d2b8,0x00000000a2a80000)
 Metaspace       used 20723K, capacity 21112K, committed 21248K, reserved 1067008K
  class space    used 2865K, capacity 3035K, committed 3072K, reserved 1048576K
}
Event: 4.425 GC heap before
{Heap before GC invocations=8 (full 1):
 PSYoungGen      total 58368K, used 49152K [0x00000000e0000000, 0x00000000e4200000, 0x0000000100000000)
  eden space 49152K, 100% used [0x00000000e0000000,0x00000000e3000000,0x00000000e3000000)
  from space 9216K, 0% used [0x00000000e3900000,0x00000000e3900000,0x00000000e4200000)
  to   space 9216K, 0% used [0x00000000e3000000,0x00000000e3000000,0x00000000e3900000)
 ParOldGen       total 43520K, used 6324K [0x00000000a0000000, 0x00000000a2a80000, 0x00000000e0000000)
  object space 43520K, 14% used [0x00000000a0000000,0x00000000a062d2b8,0x00000000a2a80000)
 Metaspace       used 24574K, capacity 24960K, committed 25088K, reserved 1071104K
  class space    used 3385K, capacity 3565K, committed 3584K, reserved 1048576K
Event: 4.435 GC heap after
Heap after GC invocations=8 (full 1):
 PSYoungGen      total 58368K, used 5017K [0x00000000e0000000, 0x00000000e6000000, 0x0000000100000000)
  eden space 49152K, 0% used [0x00000000e0000000,0x00000000e0000000,0x00000000e3000000)
  from space 9216K, 54% used [0x00000000e3000000,0x00000000e34e6760,0x00000000e3900000)
  to   space 8704K, 0% used [0x00000000e5780000,0x00000000e5780000,0x00000000e6000000)
 ParOldGen       total 43520K, used 6332K [0x00000000a0000000, 0x00000000a2a80000, 0x00000000e0000000)
  object space 43520K, 14% used [0x00000000a0000000,0x00000000a062f2b8,0x00000000a2a80000)
 Metaspace       used 24574K, capacity 24960K, committed 25088K, reserved 1071104K
  class space    used 3385K, capacity 3565K, committed 3584K, reserved 1048576K
}
Event: 5.610 GC heap before
{Heap before GC invocations=9 (full 1):
 PSYoungGen      total 58368K, used 54169K [0x00000000e0000000, 0x00000000e6000000, 0x0000000100000000)
  eden space 49152K, 100% used [0x00000000e0000000,0x00000000e3000000,0x00000000e3000000)
  from space 9216K, 54% used [0x00000000e3000000,0x00000000e34e6760,0x00000000e3900000)
  to   space 8704K, 0% used [0x00000000e5780000,0x00000000e5780000,0x00000000e6000000)
 ParOldGen       total 43520K, used 6332K [0x00000000a0000000, 0x00000000a2a80000, 0x00000000e0000000)
  object space 43520K, 14% used [0x00000000a0000000,0x00000000a062f2b8,0x00000000a2a80000)
 Metaspace       used 28141K, capacity 28732K, committed 29056K, reserved 1075200K
  class space    used 3898K, capacity 4115K, committed 4224K, reserved 1048576K
Event: 5.626 GC heap after
Heap after GC invocations=9 (full 1):
 PSYoungGen      total 87552K, used 8075K [0x00000000e0000000, 0x00000000e6000000, 0x0000000100000000)
  eden space 78848K, 0% used [0x00000000e0000000,0x00000000e0000000,0x00000000e4d00000)
  from space 8704K, 92% used [0x00000000e5780000,0x00000000e5f62ff0,0x00000000e6000000)
  to   space 9728K, 0% used [0x00000000e4d00000,0x00000000e4d00000,0x00000000e5680000)
 ParOldGen       total 43520K, used 6340K [0x00000000a0000000, 0x00000000a2a80000, 0x00000000e0000000)
  object space 43520K, 14% used [0x00000000a0000000,0x00000000a06312b8,0x00000000a2a80000)
 Metaspace       used 28141K, capacity 28732K, committed 29056K, reserved 1075200K
  class space    used 3898K, capacity 4115K, committed 4224K, reserved 1048576K
}

